[debug] [2020-10-31T12:05:45.219Z] ----------------------------------------------------------------------
[debug] [2020-10-31T12:05:45.230Z] Command:       /home/viczking/.nvm/versions/node/v8.17.0/bin/node /home/viczking/.nvm/versions/node/v8.17.0/bin/firebase emulators:start
[debug] [2020-10-31T12:05:45.233Z] CLI Version:   8.14.1
[debug] [2020-10-31T12:05:45.233Z] Platform:      linux
[debug] [2020-10-31T12:05:45.233Z] Node Version:  v8.17.0
[debug] [2020-10-31T12:05:45.234Z] Time:          Sat Oct 31 2020 12:05:45 GMT+0000 (GMT)
[debug] [2020-10-31T12:05:45.234Z] ----------------------------------------------------------------------
[debug] [2020-10-31T12:05:45.235Z] 
[debug] [2020-10-31T12:05:45.341Z] > command requires scopes: ["email","openid","https://www.googleapis.com/auth/cloudplatformprojects.readonly","https://www.googleapis.com/auth/firebase","https://www.googleapis.com/auth/cloud-platform"]
[debug] [2020-10-31T12:05:45.342Z] > authorizing via signed-in user
[info] i  emulators: Starting emulators: auth, functions, firestore, hosting, pubsub {"metadata":{"emulator":{"name":"hub"},"message":"Starting emulators: auth, functions, firestore, hosting, pubsub"}}
[debug] [2020-10-31T12:05:45.411Z] [hub] writing locator at /tmp/hub-poultry101-6b1ed.json
[warn] ⚠  functions: The following emulators are not running, calls to these services from the Functions emulator will affect production: database {"metadata":{"emulator":{"name":"functions"},"message":"The following emulators are not running, calls to these services from the Functions emulator will affect production: \u001b[1mdatabase\u001b[22m"}}
[warn] ⚠  Your requested "node" version "10" doesn't match your global version "8" {"metadata":{"emulator":{"name":"functions"},"message":"Your requested \"node\" version \"10\" doesn't match your global version \"8\""}}
[debug] [2020-10-31T12:05:45.532Z] defaultcredentials: writing to file /home/viczking/.config/firebase/victorkarue712_gmail_com_application_default_credentials.json
[debug] [2020-10-31T12:05:45.542Z] Setting GAC to /home/viczking/.config/firebase/victorkarue712_gmail_com_application_default_credentials.json {"metadata":{"emulator":{"name":"functions"},"message":"Setting GAC to /home/viczking/.config/firebase/victorkarue712_gmail_com_application_default_credentials.json"}}
[debug] [2020-10-31T12:05:45.586Z] Ignoring unsupported arg: projectId {"metadata":{"emulator":{"name":"firestore"},"message":"Ignoring unsupported arg: projectId"}}
[debug] [2020-10-31T12:05:45.587Z] Ignoring unsupported arg: auto_download {"metadata":{"emulator":{"name":"firestore"},"message":"Ignoring unsupported arg: auto_download"}}
[debug] [2020-10-31T12:05:45.587Z] Starting Firestore Emulator with command {"binary":"java","args":["-Duser.language=en","-jar","/home/viczking/.cache/firebase/emulators/cloud-firestore-emulator-v1.11.9.jar","--host","localhost","--port",8080,"--rules","/home/viczking/poultryfarm/poultryfarm/firestore.rules","--functions_emulator","localhost:5001"],"optionalArgs":["port","webchannel_port","host","rules","functions_emulator","seed_from_export"],"joinArgs":false} {"metadata":{"emulator":{"name":"firestore"},"message":"Starting Firestore Emulator with command {\"binary\":\"java\",\"args\":[\"-Duser.language=en\",\"-jar\",\"/home/viczking/.cache/firebase/emulators/cloud-firestore-emulator-v1.11.9.jar\",\"--host\",\"localhost\",\"--port\",8080,\"--rules\",\"/home/viczking/poultryfarm/poultryfarm/firestore.rules\",\"--functions_emulator\",\"localhost:5001\"],\"optionalArgs\":[\"port\",\"webchannel_port\",\"host\",\"rules\",\"functions_emulator\",\"seed_from_export\"],\"joinArgs\":false}"}}
[info] i  firestore: Firestore Emulator logging to firestore-debug.log {"metadata":{"emulator":{"name":"firestore"},"message":"Firestore Emulator logging to \u001b[1mfirestore-debug.log\u001b[22m"}}
[debug] [2020-10-31T12:05:53.569Z] API endpoint: http://localhost: {"metadata":{"emulator":{"name":"firestore"},"message":"API endpoint: http://localhost:"}}
[debug] [2020-10-31T12:05:53.570Z] 8080
If you are using a library that supports the FIRESTORE_EMULATOR_HOST environment variable, run:

   export FIRESTORE_EMULATOR_HOST=localhost:8080

Dev App Server is now running.

 {"metadata":{"emulator":{"name":"firestore"},"message":"8080\nIf you are using a library that supports the FIRESTORE_EMULATOR_HOST environment variable, run:\n\n   export FIRESTORE_EMULATOR_HOST=localhost:8080\n\nDev App Server is now running.\n\n"}}
[debug] [2020-10-31T12:05:53.744Z] > refreshing access token with scopes: ["email","https://www.googleapis.com/auth/cloud-platform","https://www.googleapis.com/auth/cloudplatformprojects.readonly","https://www.googleapis.com/auth/firebase","openid"]
[debug] [2020-10-31T12:05:53.746Z] >>> HTTP REQUEST POST https://www.googleapis.com/oauth2/v3/token  
 <request body omitted>
[debug] [2020-10-31T12:05:53.945Z] <<< HTTP RESPONSE 200 {"cache-control":"no-cache, no-store, max-age=0, must-revalidate","date":"Sat, 31 Oct 2020 12:05:53 GMT","pragma":"no-cache","expires":"Mon, 01 Jan 1990 00:00:00 GMT","content-type":"application/json; charset=utf-8","vary":"X-Origin, Referer, Origin,Accept-Encoding","server":"scaffolding on HTTPServer2","x-xss-protection":"0","x-frame-options":"SAMEORIGIN","x-content-type-options":"nosniff","alt-svc":"h3-Q050=\":443\"; ma=2592000,h3-29=\":443\"; ma=2592000,h3-T051=\":443\"; ma=2592000,h3-T050=\":443\"; ma=2592000,h3-Q046=\":443\"; ma=2592000,h3-Q043=\":443\"; ma=2592000,quic=\":443\"; ma=2592000; v=\"46,43\"","accept-ranges":"none","transfer-encoding":"chunked"}
[debug] [2020-10-31T12:05:53.985Z] >>> HTTP REQUEST GET https://firebase.googleapis.com/v1beta1/projects/poultry101-6b1ed/webApps/-/config  
 
[debug] [2020-10-31T12:05:54.784Z] <<< HTTP RESPONSE 200 {"content-type":"application/json; charset=UTF-8","vary":"X-Origin, Referer, Origin,Accept-Encoding","date":"Sat, 31 Oct 2020 12:05:54 GMT","server":"ESF","cache-control":"private","x-xss-protection":"0","x-frame-options":"SAMEORIGIN","x-content-type-options":"nosniff","alt-svc":"h3-Q050=\":443\"; ma=2592000,h3-29=\":443\"; ma=2592000,h3-T051=\":443\"; ma=2592000,h3-T050=\":443\"; ma=2592000,h3-Q046=\":443\"; ma=2592000,h3-Q043=\":443\"; ma=2592000,quic=\":443\"; ma=2592000; v=\"46,43\"","accept-ranges":"none","transfer-encoding":"chunked"}
[info] i  hosting: Serving hosting files from: public {"metadata":{"emulator":{"name":"hosting"},"message":"Serving hosting files from: \u001b[1mpublic\u001b[22m"}}
[info] ✔  hosting: Local server: http://localhost:5000 {"metadata":{"emulator":{"name":"hosting"},"message":"Local server: \u001b[4m\u001b[1mhttp://localhost:5000\u001b[22m\u001b[24m"}}
[debug] [2020-10-31T12:05:58.417Z] Ignoring unsupported arg: projectId {"metadata":{"emulator":{"name":"pubsub"},"message":"Ignoring unsupported arg: projectId"}}
[debug] [2020-10-31T12:05:58.417Z] Ignoring unsupported arg: auto_download {"metadata":{"emulator":{"name":"pubsub"},"message":"Ignoring unsupported arg: auto_download"}}
[debug] [2020-10-31T12:05:58.418Z] Starting Pub/Sub Emulator with command {"binary":"/home/viczking/.cache/firebase/emulators/pubsub-emulator-0.1.0/pubsub-emulator/bin/cloud-pubsub-emulator","args":["--host=localhost","--port=8085"],"optionalArgs":["port","host"],"joinArgs":true} {"metadata":{"emulator":{"name":"pubsub"},"message":"Starting Pub/Sub Emulator with command {\"binary\":\"/home/viczking/.cache/firebase/emulators/pubsub-emulator-0.1.0/pubsub-emulator/bin/cloud-pubsub-emulator\",\"args\":[\"--host=localhost\",\"--port=8085\"],\"optionalArgs\":[\"port\",\"host\"],\"joinArgs\":true}"}}
[info] i  pubsub: Pub/Sub Emulator logging to pubsub-debug.log {"metadata":{"emulator":{"name":"pubsub"},"message":"Pub/Sub Emulator logging to \u001b[1mpubsub-debug.log\u001b[22m"}}
[debug] [2020-10-31T12:05:58.706Z] This is the Google Pub/Sub fake.
Implementation may be incomplete or differ from the real system. {"metadata":{"emulator":{"name":"pubsub"},"message":"This is the Google Pub/Sub fake.\nImplementation may be incomplete or differ from the real system."}}
[debug] [2020-10-31T12:05:58.707Z] 
 {"metadata":{"emulator":{"name":"pubsub"},"message":"\n"}}
[debug] [2020-10-31T12:05:58.794Z] Oct 31, 2020 12:05:58 PM com.google.cloud.pubsub.testing.v1.Main main
INFO: IAM integration is disabled. IAM policy methods and ACL checks are not supported
 {"metadata":{"emulator":{"name":"pubsub"},"message":"Oct 31, 2020 12:05:58 PM com.google.cloud.pubsub.testing.v1.Main main\nINFO: IAM integration is disabled. IAM policy methods and ACL checks are not supported\n"}}
[debug] [2020-10-31T12:06:00.638Z] Oct 31, 2020 12:06:00 PM io.gapi.emulators.netty.NettyUtil applyJava7LongHostnameWorkaround
INFO: Applied Java 7 long hostname workaround.
 {"metadata":{"emulator":{"name":"pubsub"},"message":"Oct 31, 2020 12:06:00 PM io.gapi.emulators.netty.NettyUtil applyJava7LongHostnameWorkaround\nINFO: Applied Java 7 long hostname workaround.\n"}}
[debug] [2020-10-31T12:06:00.815Z] Oct 31, 2020 12:06:00 PM com.google.cloud.pubsub.testing.v1.Main main
INFO: Server started, listening on 8085
 {"metadata":{"emulator":{"name":"pubsub"},"message":"Oct 31, 2020 12:06:00 PM com.google.cloud.pubsub.testing.v1.Main main\nINFO: Server started, listening on 8085\n"}}
[debug] [2020-10-31T12:06:01.016Z] Ignoring unsupported arg: auto_download {"metadata":{"emulator":{"name":"ui"},"message":"Ignoring unsupported arg: auto_download"}}
[debug] [2020-10-31T12:06:01.017Z] Ignoring unsupported arg: port {"metadata":{"emulator":{"name":"ui"},"message":"Ignoring unsupported arg: port"}}
[debug] [2020-10-31T12:06:01.017Z] Starting Emulator UI with command {"binary":"node","args":["/home/viczking/.cache/firebase/emulators/ui-v1.2.2/server.bundle.js"],"optionalArgs":[],"joinArgs":false} {"metadata":{"emulator":{"name":"ui"},"message":"Starting Emulator UI with command {\"binary\":\"node\",\"args\":[\"/home/viczking/.cache/firebase/emulators/ui-v1.2.2/server.bundle.js\"],\"optionalArgs\":[],\"joinArgs\":false}"}}
[info] i  ui: Emulator UI logging to ui-debug.log {"metadata":{"emulator":{"name":"ui"},"message":"Emulator UI logging to \u001b[1mui-debug.log\u001b[22m"}}
[debug] [2020-10-31T12:06:01.264Z] Web / API server started at http://localhost:4000
 {"metadata":{"emulator":{"name":"ui"},"message":"Web / API server started at http://localhost:4000\n"}}
[info] i  functions: Watching "/home/viczking/poultryfarm/poultryfarm/functions" for Cloud Functions... {"metadata":{"emulator":{"name":"functions"},"message":"Watching \"/home/viczking/poultryfarm/poultryfarm/functions\" for Cloud Functions..."}}
[debug] [2020-10-31T12:06:01.304Z] [worker-pool] addWorker(~diagnostic~) {"metadata":{"emulator":{"name":"functions"},"message":"[worker-pool] addWorker(~diagnostic~)"}}
[debug] [2020-10-31T12:06:01.304Z] [worker-pool] Adding worker with key ~diagnostic~, total=1 {"metadata":{"emulator":{"name":"functions"},"message":"[worker-pool] Adding worker with key ~diagnostic~, total=1"}}
[debug] [2020-10-31T12:06:01.304Z] [worker-pool] submitWork(triggerId=) {"metadata":{"emulator":{"name":"functions"},"message":"[worker-pool] submitWork(triggerId=)"}}
[debug] [2020-10-31T12:06:01.305Z] [worker-~diagnostic~-46c4a1d9-e40c-4e94-b07a-0849bb4db38b]: Assigning socketPath: /tmp/fire_emu_5375.sock {"metadata":{"emulator":{"name":"functions"},"message":"[worker-~diagnostic~-46c4a1d9-e40c-4e94-b07a-0849bb4db38b]: Assigning socketPath: /tmp/fire_emu_5375.sock"}}
[debug] [2020-10-31T12:06:01.305Z] [worker-~diagnostic~-46c4a1d9-e40c-4e94-b07a-0849bb4db38b]: BUSY {"metadata":{"emulator":{"name":"functions"},"message":"[worker-~diagnostic~-46c4a1d9-e40c-4e94-b07a-0849bb4db38b]: BUSY"}}
[debug] [2020-10-31T12:06:01.410Z] Oct 31, 2020 12:06:01 PM io.gapi.emulators.grpc.GrpcServer$3 operationComplete
INFO: Adding handler(s) to newly registered Channel.
 {"metadata":{"emulator":{"name":"pubsub"},"message":"Oct 31, 2020 12:06:01 PM io.gapi.emulators.grpc.GrpcServer$3 operationComplete\nINFO: Adding handler(s) to newly registered Channel.\n"}}
[debug] [2020-10-31T12:06:01.633Z] [runtime-status] [5375] Functions runtime initialized. {"cwd":"/home/viczking/poultryfarm/poultryfarm/functions","node_version":"8.17.0"} {"metadata":{"emulator":{"name":"functions"},"message":"[runtime-status] [5375] Functions runtime initialized. {\"cwd\":\"/home/viczking/poultryfarm/poultryfarm/functions\",\"node_version\":\"8.17.0\"}"}}
[debug] [2020-10-31T12:06:01.635Z] [runtime-status] [5375] Disabled runtime features: undefined {"metadata":{"emulator":{"name":"functions"},"message":"[runtime-status] [5375] Disabled runtime features: undefined"}}
[debug] [2020-10-31T12:06:01.661Z] [runtime-status] [5375] Resolved module firebase-admin {"declared":true,"installed":true,"version":"9.3.0","resolution":"/home/viczking/poultryfarm/poultryfarm/functions/node_modules/firebase-admin/lib/index.js"} {"metadata":{"emulator":{"name":"functions"},"message":"[runtime-status] [5375] Resolved module firebase-admin {\"declared\":true,\"installed\":true,\"version\":\"9.3.0\",\"resolution\":\"/home/viczking/poultryfarm/poultryfarm/functions/node_modules/firebase-admin/lib/index.js\"}"}}
[debug] [2020-10-31T12:06:01.705Z] [runtime-status] [5375] Resolved module firebase-functions {"declared":true,"installed":true,"version":"3.11.0","resolution":"/home/viczking/poultryfarm/poultryfarm/functions/node_modules/firebase-functions/lib/index.js"} {"metadata":{"emulator":{"name":"functions"},"message":"[runtime-status] [5375] Resolved module firebase-functions {\"declared\":true,\"installed\":true,\"version\":\"3.11.0\",\"resolution\":\"/home/viczking/poultryfarm/poultryfarm/functions/node_modules/firebase-functions/lib/index.js\"}"}}
[debug] [2020-10-31T12:06:01.706Z] [runtime-status] [5375] Resolved module firebase-functions {"declared":true,"installed":true,"version":"3.11.0","resolution":"/home/viczking/poultryfarm/poultryfarm/functions/node_modules/firebase-functions/lib/index.js"} {"metadata":{"emulator":{"name":"functions"},"message":"[runtime-status] [5375] Resolved module firebase-functions {\"declared\":true,\"installed\":true,\"version\":\"3.11.0\",\"resolution\":\"/home/viczking/poultryfarm/poultryfarm/functions/node_modules/firebase-functions/lib/index.js\"}"}}
[debug] [2020-10-31T12:06:01.706Z] [runtime-status] [5375] Set PUBSUB_EMULATOR_HOST to localhost:8085 {"metadata":{"emulator":{"name":"functions"},"message":"[runtime-status] [5375] Set PUBSUB_EMULATOR_HOST to localhost:8085"}}
[debug] [2020-10-31T12:06:01.714Z] [runtime-status] [5375] Outgoing network have been stubbed. [{"name":"http","status":"mocked"},{"name":"http","status":"mocked"},{"name":"https","status":"mocked"},{"name":"https","status":"mocked"},{"name":"net","status":"mocked"}] {"metadata":{"emulator":{"name":"functions"},"message":"[runtime-status] [5375] Outgoing network have been stubbed. [{\"name\":\"http\",\"status\":\"mocked\"},{\"name\":\"http\",\"status\":\"mocked\"},{\"name\":\"https\",\"status\":\"mocked\"},{\"name\":\"https\",\"status\":\"mocked\"},{\"name\":\"net\",\"status\":\"mocked\"}]"}}
[debug] [2020-10-31T12:06:01.715Z] [runtime-status] [5375] Resolved module firebase-functions {"declared":true,"installed":true,"version":"3.11.0","resolution":"/home/viczking/poultryfarm/poultryfarm/functions/node_modules/firebase-functions/lib/index.js"} {"metadata":{"emulator":{"name":"functions"},"message":"[runtime-status] [5375] Resolved module firebase-functions {\"declared\":true,\"installed\":true,\"version\":\"3.11.0\",\"resolution\":\"/home/viczking/poultryfarm/poultryfarm/functions/node_modules/firebase-functions/lib/index.js\"}"}}
[debug] [2020-10-31T12:06:02.215Z] [runtime-status] [5375] Checked functions.config() {"config":{}} {"metadata":{"emulator":{"name":"functions"},"message":"[runtime-status] [5375] Checked functions.config() {\"config\":{}}"}}
[debug] [2020-10-31T12:06:02.216Z] [runtime-status] [5375] firebase-functions has been stubbed. {"functionsResolution":{"declared":true,"installed":true,"version":"3.11.0","resolution":"/home/viczking/poultryfarm/poultryfarm/functions/node_modules/firebase-functions/lib/index.js"}} {"metadata":{"emulator":{"name":"functions"},"message":"[runtime-status] [5375] firebase-functions has been stubbed. {\"functionsResolution\":{\"declared\":true,\"installed\":true,\"version\":\"3.11.0\",\"resolution\":\"/home/viczking/poultryfarm/poultryfarm/functions/node_modules/firebase-functions/lib/index.js\"}}"}}
[debug] [2020-10-31T12:06:02.218Z] [runtime-status] [5375] Resolved module firebase-functions {"declared":true,"installed":true,"version":"3.11.0","resolution":"/home/viczking/poultryfarm/poultryfarm/functions/node_modules/firebase-functions/lib/index.js"} {"metadata":{"emulator":{"name":"functions"},"message":"[runtime-status] [5375] Resolved module firebase-functions {\"declared\":true,\"installed\":true,\"version\":\"3.11.0\",\"resolution\":\"/home/viczking/poultryfarm/poultryfarm/functions/node_modules/firebase-functions/lib/index.js\"}"}}
[debug] [2020-10-31T12:06:02.223Z] [runtime-status] [5375] Resolved module firebase-admin {"declared":true,"installed":true,"version":"9.3.0","resolution":"/home/viczking/poultryfarm/poultryfarm/functions/node_modules/firebase-admin/lib/index.js"} {"metadata":{"emulator":{"name":"functions"},"message":"[runtime-status] [5375] Resolved module firebase-admin {\"declared\":true,\"installed\":true,\"version\":\"9.3.0\",\"resolution\":\"/home/viczking/poultryfarm/poultryfarm/functions/node_modules/firebase-admin/lib/index.js\"}"}}
[debug] [2020-10-31T12:06:02.225Z] [runtime-status] [5375] Resolved module firebase-functions {"declared":true,"installed":true,"version":"3.11.0","resolution":"/home/viczking/poultryfarm/poultryfarm/functions/node_modules/firebase-functions/lib/index.js"} {"metadata":{"emulator":{"name":"functions"},"message":"[runtime-status] [5375] Resolved module firebase-functions {\"declared\":true,\"installed\":true,\"version\":\"3.11.0\",\"resolution\":\"/home/viczking/poultryfarm/poultryfarm/functions/node_modules/firebase-functions/lib/index.js\"}"}}
[debug] [2020-10-31T12:06:02.226Z] [runtime-status] [5375] firebase-admin has been stubbed. {"adminResolution":{"declared":true,"installed":true,"version":"9.3.0","resolution":"/home/viczking/poultryfarm/poultryfarm/functions/node_modules/firebase-admin/lib/index.js"}} {"metadata":{"emulator":{"name":"functions"},"message":"[runtime-status] [5375] firebase-admin has been stubbed. {\"adminResolution\":{\"declared\":true,\"installed\":true,\"version\":\"9.3.0\",\"resolution\":\"/home/viczking/poultryfarm/poultryfarm/functions/node_modules/firebase-admin/lib/index.js\"}}"}}
[warn] ⚠  It looks like you're trying to access functions.config().firebase but there is no value there. You can learn more about setting up config here: https://firebase.google.com/docs/functions/local-emulator {"metadata":{"emulator":{"name":"functions"},"message":"It looks like you're trying to access functions.config().firebase but there is no value there. You can learn more about setting up config here: https://firebase.google.com/docs/functions/local-emulator"}}
[debug] [2020-10-31T12:06:02.297Z] [runtime-status] [5375] initializeApp(DEFAULT) {"databaseURL":"https://poultry101-6b1ed.firebaseio.com","storageBucket":"poultry101-6b1ed.appspot.com","projectId":"poultry101-6b1ed"} {"metadata":{"emulator":{"name":"functions"},"message":"[runtime-status] [5375] initializeApp(DEFAULT) {\"databaseURL\":\"https://poultry101-6b1ed.firebaseio.com\",\"storageBucket\":\"poultry101-6b1ed.appspot.com\",\"projectId\":\"poultry101-6b1ed\"}"}}
[debug] [2020-10-31T12:06:02.800Z] [runtime-status] [5375] auth.setJwtVerificationEnabled(false) {"metadata":{"emulator":{"name":"functions"},"message":"[runtime-status] [5375] auth.setJwtVerificationEnabled(false)"}}
[warn] ⚠  /home/viczking/poultryfarm/poultryfarm/functions/node_modules/@google-cloud/firestore/build/src/collection-group.js:54
    async *getPartitions(desiredPartitionCount) {
          ^

SyntaxError: Unexpected token *
    at createScript (vm.js:80:10)
    at Object.runInThisContext (vm.js:139:10)
    at Module._compile (module.js:617:28)
    at Object.Module._extensions..js (module.js:664:10)
    at Module.load (module.js:566:32)
    at tryModuleLoad (module.js:506:12)
    at Function.Module._load (module.js:498:3)
    at Module.require (module.js:597:17)
    at require (internal/module.js:11:18)
    at Object.<anonymous> (/home/viczking/poultryfarm/poultryfarm/functions/node_modules/@google-cloud/firestore/build/src/index.js:39:28) {"metadata":{"emulator":{"name":"functions"},"message":"/home/viczking/poultryfarm/poultryfarm/functions/node_modules/@google-cloud/firestore/build/src/collection-group.js:54\n    async *getPartitions(desiredPartitionCount) {\n          ^\n\nSyntaxError: Unexpected token *\n    at createScript (vm.js:80:10)\n    at Object.runInThisContext (vm.js:139:10)\n    at Module._compile (module.js:617:28)\n    at Object.Module._extensions..js (module.js:664:10)\n    at Module.load (module.js:566:32)\n    at tryModuleLoad (module.js:506:12)\n    at Function.Module._load (module.js:498:3)\n    at Module.require (module.js:597:17)\n    at require (internal/module.js:11:18)\n    at Object.<anonymous> (/home/viczking/poultryfarm/poultryfarm/functions/node_modules/@google-cloud/firestore/build/src/index.js:39:28)"}}
[warn] ⚠  We were unable to load your functions code. (see above) {"metadata":{"emulator":{"name":"functions"}}}
[debug] [2020-10-31T12:06:06.864Z] [worker-~diagnostic~-46c4a1d9-e40c-4e94-b07a-0849bb4db38b]: exited {"metadata":{"emulator":{"name":"functions"},"message":"[worker-~diagnostic~-46c4a1d9-e40c-4e94-b07a-0849bb4db38b]: exited"}}
[debug] [2020-10-31T12:06:06.865Z] [worker-~diagnostic~-46c4a1d9-e40c-4e94-b07a-0849bb4db38b]: FINISHED {"metadata":{"emulator":{"name":"functions"},"message":"[worker-~diagnostic~-46c4a1d9-e40c-4e94-b07a-0849bb4db38b]: FINISHED"}}
[debug] [2020-10-31T12:06:38.486Z] Oct 31, 2020 12:06:38 PM io.gapi.emulators.netty.HttpVersionRoutingHandler channelRead
INFO: Detected non-HTTP/2 connection.
 {"metadata":{"emulator":{"name":"firestore"},"message":"Oct 31, 2020 12:06:38 PM io.gapi.emulators.netty.HttpVersionRoutingHandler channelRead\nINFO: Detected non-HTTP/2 connection.\n"}}
[debug] [2020-10-31T12:06:38.766Z] Oct 31, 2020 12:06:38 PM io.gapi.emulators.netty.HttpVersionRoutingHandler channelRead
INFO: Detected HTTP/2 connection.
 {"metadata":{"emulator":{"name":"firestore"},"message":"Oct 31, 2020 12:06:38 PM io.gapi.emulators.netty.HttpVersionRoutingHandler channelRead\nINFO: Detected HTTP/2 connection.\n"}}
[debug] [2020-10-31T12:06:40.470Z] Oct 31, 2020 12:06:40 PM io.gapi.emulators.netty.HttpVersionRoutingHandler channelRead
INFO: Detected non-HTTP/2 connection.
 {"metadata":{"emulator":{"name":"firestore"},"message":"Oct 31, 2020 12:06:40 PM io.gapi.emulators.netty.HttpVersionRoutingHandler channelRead\nINFO: Detected non-HTTP/2 connection.\n"}}
[debug] [2020-10-31T12:08:34.744Z] File /home/viczking/poultryfarm/poultryfarm/functions/index.js changed, reloading triggers {"metadata":{"emulator":{"name":"functions"},"message":"File /home/viczking/poultryfarm/poultryfarm/functions/index.js changed, reloading triggers"}}
[debug] [2020-10-31T12:08:35.747Z] [worker-pool] Cleaned up workers for ~diagnostic~: 1 --> 0 {"metadata":{"emulator":{"name":"functions"},"message":"[worker-pool] Cleaned up workers for ~diagnostic~: 1 --> 0"}}
[debug] [2020-10-31T12:08:35.751Z] [worker-pool] addWorker(~diagnostic~) {"metadata":{"emulator":{"name":"functions"},"message":"[worker-pool] addWorker(~diagnostic~)"}}
[debug] [2020-10-31T12:08:35.751Z] [worker-pool] Adding worker with key ~diagnostic~, total=1 {"metadata":{"emulator":{"name":"functions"},"message":"[worker-pool] Adding worker with key ~diagnostic~, total=1"}}
[debug] [2020-10-31T12:08:35.751Z] [worker-pool] submitWork(triggerId=) {"metadata":{"emulator":{"name":"functions"},"message":"[worker-pool] submitWork(triggerId=)"}}
[debug] [2020-10-31T12:08:35.751Z] [worker-~diagnostic~-59414fc3-23c2-4bd3-877a-76574047f646]: Assigning socketPath: /tmp/fire_emu_5857.sock {"metadata":{"emulator":{"name":"functions"},"message":"[worker-~diagnostic~-59414fc3-23c2-4bd3-877a-76574047f646]: Assigning socketPath: /tmp/fire_emu_5857.sock"}}
[debug] [2020-10-31T12:08:35.752Z] [worker-~diagnostic~-59414fc3-23c2-4bd3-877a-76574047f646]: BUSY {"metadata":{"emulator":{"name":"functions"},"message":"[worker-~diagnostic~-59414fc3-23c2-4bd3-877a-76574047f646]: BUSY"}}
[debug] [2020-10-31T12:08:36.049Z] [runtime-status] [5857] Functions runtime initialized. {"cwd":"/home/viczking/poultryfarm/poultryfarm/functions","node_version":"8.17.0"} {"metadata":{"emulator":{"name":"functions"},"message":"[runtime-status] [5857] Functions runtime initialized. {\"cwd\":\"/home/viczking/poultryfarm/poultryfarm/functions\",\"node_version\":\"8.17.0\"}"}}
[debug] [2020-10-31T12:08:36.051Z] [runtime-status] [5857] Disabled runtime features: undefined {"metadata":{"emulator":{"name":"functions"},"message":"[runtime-status] [5857] Disabled runtime features: undefined"}}
[debug] [2020-10-31T12:08:36.053Z] [runtime-status] [5857] Resolved module firebase-admin {"declared":true,"installed":true,"version":"9.3.0","resolution":"/home/viczking/poultryfarm/poultryfarm/functions/node_modules/firebase-admin/lib/index.js"} {"metadata":{"emulator":{"name":"functions"},"message":"[runtime-status] [5857] Resolved module firebase-admin {\"declared\":true,\"installed\":true,\"version\":\"9.3.0\",\"resolution\":\"/home/viczking/poultryfarm/poultryfarm/functions/node_modules/firebase-admin/lib/index.js\"}"}}
[debug] [2020-10-31T12:08:36.054Z] [runtime-status] [5857] Resolved module firebase-functions {"declared":true,"installed":true,"version":"3.11.0","resolution":"/home/viczking/poultryfarm/poultryfarm/functions/node_modules/firebase-functions/lib/index.js"} {"metadata":{"emulator":{"name":"functions"},"message":"[runtime-status] [5857] Resolved module firebase-functions {\"declared\":true,\"installed\":true,\"version\":\"3.11.0\",\"resolution\":\"/home/viczking/poultryfarm/poultryfarm/functions/node_modules/firebase-functions/lib/index.js\"}"}}
[debug] [2020-10-31T12:08:36.055Z] [runtime-status] [5857] Resolved module firebase-functions {"declared":true,"installed":true,"version":"3.11.0","resolution":"/home/viczking/poultryfarm/poultryfarm/functions/node_modules/firebase-functions/lib/index.js"} {"metadata":{"emulator":{"name":"functions"},"message":"[runtime-status] [5857] Resolved module firebase-functions {\"declared\":true,\"installed\":true,\"version\":\"3.11.0\",\"resolution\":\"/home/viczking/poultryfarm/poultryfarm/functions/node_modules/firebase-functions/lib/index.js\"}"}}
[debug] [2020-10-31T12:08:36.055Z] [runtime-status] [5857] Set PUBSUB_EMULATOR_HOST to localhost:8085 {"metadata":{"emulator":{"name":"functions"},"message":"[runtime-status] [5857] Set PUBSUB_EMULATOR_HOST to localhost:8085"}}
[debug] [2020-10-31T12:08:36.060Z] [runtime-status] [5857] Outgoing network have been stubbed. [{"name":"http","status":"mocked"},{"name":"http","status":"mocked"},{"name":"https","status":"mocked"},{"name":"https","status":"mocked"},{"name":"net","status":"mocked"}] {"metadata":{"emulator":{"name":"functions"},"message":"[runtime-status] [5857] Outgoing network have been stubbed. [{\"name\":\"http\",\"status\":\"mocked\"},{\"name\":\"http\",\"status\":\"mocked\"},{\"name\":\"https\",\"status\":\"mocked\"},{\"name\":\"https\",\"status\":\"mocked\"},{\"name\":\"net\",\"status\":\"mocked\"}]"}}
[debug] [2020-10-31T12:08:36.060Z] [runtime-status] [5857] Resolved module firebase-functions {"declared":true,"installed":true,"version":"3.11.0","resolution":"/home/viczking/poultryfarm/poultryfarm/functions/node_modules/firebase-functions/lib/index.js"} {"metadata":{"emulator":{"name":"functions"},"message":"[runtime-status] [5857] Resolved module firebase-functions {\"declared\":true,\"installed\":true,\"version\":\"3.11.0\",\"resolution\":\"/home/viczking/poultryfarm/poultryfarm/functions/node_modules/firebase-functions/lib/index.js\"}"}}
[debug] [2020-10-31T12:08:36.103Z] [runtime-status] [5857] Checked functions.config() {"config":{}} {"metadata":{"emulator":{"name":"functions"},"message":"[runtime-status] [5857] Checked functions.config() {\"config\":{}}"}}
[debug] [2020-10-31T12:08:36.104Z] [runtime-status] [5857] firebase-functions has been stubbed. {"functionsResolution":{"declared":true,"installed":true,"version":"3.11.0","resolution":"/home/viczking/poultryfarm/poultryfarm/functions/node_modules/firebase-functions/lib/index.js"}} {"metadata":{"emulator":{"name":"functions"},"message":"[runtime-status] [5857] firebase-functions has been stubbed. {\"functionsResolution\":{\"declared\":true,\"installed\":true,\"version\":\"3.11.0\",\"resolution\":\"/home/viczking/poultryfarm/poultryfarm/functions/node_modules/firebase-functions/lib/index.js\"}}"}}
[debug] [2020-10-31T12:08:36.104Z] [runtime-status] [5857] Resolved module firebase-functions {"declared":true,"installed":true,"version":"3.11.0","resolution":"/home/viczking/poultryfarm/poultryfarm/functions/node_modules/firebase-functions/lib/index.js"} {"metadata":{"emulator":{"name":"functions"},"message":"[runtime-status] [5857] Resolved module firebase-functions {\"declared\":true,\"installed\":true,\"version\":\"3.11.0\",\"resolution\":\"/home/viczking/poultryfarm/poultryfarm/functions/node_modules/firebase-functions/lib/index.js\"}"}}
[debug] [2020-10-31T12:08:36.104Z] [runtime-status] [5857] Resolved module firebase-admin {"declared":true,"installed":true,"version":"9.3.0","resolution":"/home/viczking/poultryfarm/poultryfarm/functions/node_modules/firebase-admin/lib/index.js"} {"metadata":{"emulator":{"name":"functions"},"message":"[runtime-status] [5857] Resolved module firebase-admin {\"declared\":true,\"installed\":true,\"version\":\"9.3.0\",\"resolution\":\"/home/viczking/poultryfarm/poultryfarm/functions/node_modules/firebase-admin/lib/index.js\"}"}}
[debug] [2020-10-31T12:08:36.105Z] [runtime-status] [5857] Resolved module firebase-functions {"declared":true,"installed":true,"version":"3.11.0","resolution":"/home/viczking/poultryfarm/poultryfarm/functions/node_modules/firebase-functions/lib/index.js"} {"metadata":{"emulator":{"name":"functions"},"message":"[runtime-status] [5857] Resolved module firebase-functions {\"declared\":true,\"installed\":true,\"version\":\"3.11.0\",\"resolution\":\"/home/viczking/poultryfarm/poultryfarm/functions/node_modules/firebase-functions/lib/index.js\"}"}}
[debug] [2020-10-31T12:08:36.105Z] [runtime-status] [5857] firebase-admin has been stubbed. {"adminResolution":{"declared":true,"installed":true,"version":"9.3.0","resolution":"/home/viczking/poultryfarm/poultryfarm/functions/node_modules/firebase-admin/lib/index.js"}} {"metadata":{"emulator":{"name":"functions"},"message":"[runtime-status] [5857] firebase-admin has been stubbed. {\"adminResolution\":{\"declared\":true,\"installed\":true,\"version\":\"9.3.0\",\"resolution\":\"/home/viczking/poultryfarm/poultryfarm/functions/node_modules/firebase-admin/lib/index.js\"}}"}}
[debug] [2020-10-31T12:08:36.111Z] [runtime-status] [5857] initializeApp(DEFAULT) {"databaseURL":"https://poultry101-6b1ed.firebaseio.com","storageBucket":"poultry101-6b1ed.appspot.com","projectId":"poultry101-6b1ed"} {"metadata":{"emulator":{"name":"functions"},"message":"[runtime-status] [5857] initializeApp(DEFAULT) {\"databaseURL\":\"https://poultry101-6b1ed.firebaseio.com\",\"storageBucket\":\"poultry101-6b1ed.appspot.com\",\"projectId\":\"poultry101-6b1ed\"}"}}
[debug] [2020-10-31T12:08:36.140Z] [runtime-status] [5857] auth.setJwtVerificationEnabled(false) {"metadata":{"emulator":{"name":"functions"},"message":"[runtime-status] [5857] auth.setJwtVerificationEnabled(false)"}}
[debug] [2020-10-31T12:08:36.206Z] File /home/viczking/poultryfarm/poultryfarm/functions/index.js changed, reloading triggers {"metadata":{"emulator":{"name":"functions"},"message":"File /home/viczking/poultryfarm/poultryfarm/functions/index.js changed, reloading triggers"}}
[warn] ⚠  /home/viczking/poultryfarm/poultryfarm/functions/node_modules/@google-cloud/firestore/build/src/collection-group.js:54
    async *getPartitions(desiredPartitionCount) {
          ^

SyntaxError: Unexpected token *
    at createScript (vm.js:80:10)
    at Object.runInThisContext (vm.js:139:10)
    at Module._compile (module.js:617:28)
    at Object.Module._extensions..js (module.js:664:10)
    at Module.load (module.js:566:32)
    at tryModuleLoad (module.js:506:12)
    at Function.Module._load (module.js:498:3)
    at Module.require (module.js:597:17)
    at require (internal/module.js:11:18)
    at Object.<anonymous> (/home/viczking/poultryfarm/poultryfarm/functions/node_modules/@google-cloud/firestore/build/src/index.js:39:28) {"metadata":{"emulator":{"name":"functions"},"message":"/home/viczking/poultryfarm/poultryfarm/functions/node_modules/@google-cloud/firestore/build/src/collection-group.js:54\n    async *getPartitions(desiredPartitionCount) {\n          ^\n\nSyntaxError: Unexpected token *\n    at createScript (vm.js:80:10)\n    at Object.runInThisContext (vm.js:139:10)\n    at Module._compile (module.js:617:28)\n    at Object.Module._extensions..js (module.js:664:10)\n    at Module.load (module.js:566:32)\n    at tryModuleLoad (module.js:506:12)\n    at Function.Module._load (module.js:498:3)\n    at Module.require (module.js:597:17)\n    at require (internal/module.js:11:18)\n    at Object.<anonymous> (/home/viczking/poultryfarm/poultryfarm/functions/node_modules/@google-cloud/firestore/build/src/index.js:39:28)"}}
[warn] ⚠  We were unable to load your functions code. (see above) {"metadata":{"emulator":{"name":"functions"}}}
[debug] [2020-10-31T12:08:36.406Z] [worker-~diagnostic~-59414fc3-23c2-4bd3-877a-76574047f646]: exited {"metadata":{"emulator":{"name":"functions"},"message":"[worker-~diagnostic~-59414fc3-23c2-4bd3-877a-76574047f646]: exited"}}
[debug] [2020-10-31T12:08:36.406Z] [worker-~diagnostic~-59414fc3-23c2-4bd3-877a-76574047f646]: FINISHED {"metadata":{"emulator":{"name":"functions"},"message":"[worker-~diagnostic~-59414fc3-23c2-4bd3-877a-76574047f646]: FINISHED"}}
[debug] [2020-10-31T12:08:37.208Z] [worker-pool] Cleaned up workers for ~diagnostic~: 1 --> 0 {"metadata":{"emulator":{"name":"functions"},"message":"[worker-pool] Cleaned up workers for ~diagnostic~: 1 --> 0"}}
[debug] [2020-10-31T12:08:37.221Z] [worker-pool] addWorker(~diagnostic~) {"metadata":{"emulator":{"name":"functions"},"message":"[worker-pool] addWorker(~diagnostic~)"}}
[debug] [2020-10-31T12:08:37.221Z] [worker-pool] Adding worker with key ~diagnostic~, total=1 {"metadata":{"emulator":{"name":"functions"},"message":"[worker-pool] Adding worker with key ~diagnostic~, total=1"}}
[debug] [2020-10-31T12:08:37.222Z] [worker-pool] submitWork(triggerId=) {"metadata":{"emulator":{"name":"functions"},"message":"[worker-pool] submitWork(triggerId=)"}}
[debug] [2020-10-31T12:08:37.223Z] [worker-~diagnostic~-157db785-a74d-428c-9a94-a368530e16df]: Assigning socketPath: /tmp/fire_emu_5863.sock {"metadata":{"emulator":{"name":"functions"},"message":"[worker-~diagnostic~-157db785-a74d-428c-9a94-a368530e16df]: Assigning socketPath: /tmp/fire_emu_5863.sock"}}
[debug] [2020-10-31T12:08:37.231Z] [worker-~diagnostic~-157db785-a74d-428c-9a94-a368530e16df]: BUSY {"metadata":{"emulator":{"name":"functions"},"message":"[worker-~diagnostic~-157db785-a74d-428c-9a94-a368530e16df]: BUSY"}}
[debug] [2020-10-31T12:08:37.580Z] [runtime-status] [5863] Functions runtime initialized. {"cwd":"/home/viczking/poultryfarm/poultryfarm/functions","node_version":"8.17.0"} {"metadata":{"emulator":{"name":"functions"},"message":"[runtime-status] [5863] Functions runtime initialized. {\"cwd\":\"/home/viczking/poultryfarm/poultryfarm/functions\",\"node_version\":\"8.17.0\"}"}}
[debug] [2020-10-31T12:08:37.582Z] [runtime-status] [5863] Disabled runtime features: undefined {"metadata":{"emulator":{"name":"functions"},"message":"[runtime-status] [5863] Disabled runtime features: undefined"}}
[debug] [2020-10-31T12:08:37.583Z] [runtime-status] [5863] Resolved module firebase-admin {"declared":true,"installed":true,"version":"9.3.0","resolution":"/home/viczking/poultryfarm/poultryfarm/functions/node_modules/firebase-admin/lib/index.js"} {"metadata":{"emulator":{"name":"functions"},"message":"[runtime-status] [5863] Resolved module firebase-admin {\"declared\":true,\"installed\":true,\"version\":\"9.3.0\",\"resolution\":\"/home/viczking/poultryfarm/poultryfarm/functions/node_modules/firebase-admin/lib/index.js\"}"}}
[debug] [2020-10-31T12:08:37.593Z] [runtime-status] [5863] Resolved module firebase-functions {"declared":true,"installed":true,"version":"3.11.0","resolution":"/home/viczking/poultryfarm/poultryfarm/functions/node_modules/firebase-functions/lib/index.js"} {"metadata":{"emulator":{"name":"functions"},"message":"[runtime-status] [5863] Resolved module firebase-functions {\"declared\":true,\"installed\":true,\"version\":\"3.11.0\",\"resolution\":\"/home/viczking/poultryfarm/poultryfarm/functions/node_modules/firebase-functions/lib/index.js\"}"}}
[debug] [2020-10-31T12:08:37.594Z] [runtime-status] [5863] Resolved module firebase-functions {"declared":true,"installed":true,"version":"3.11.0","resolution":"/home/viczking/poultryfarm/poultryfarm/functions/node_modules/firebase-functions/lib/index.js"} {"metadata":{"emulator":{"name":"functions"},"message":"[runtime-status] [5863] Resolved module firebase-functions {\"declared\":true,\"installed\":true,\"version\":\"3.11.0\",\"resolution\":\"/home/viczking/poultryfarm/poultryfarm/functions/node_modules/firebase-functions/lib/index.js\"}"}}
[debug] [2020-10-31T12:08:37.594Z] [runtime-status] [5863] Set PUBSUB_EMULATOR_HOST to localhost:8085 {"metadata":{"emulator":{"name":"functions"},"message":"[runtime-status] [5863] Set PUBSUB_EMULATOR_HOST to localhost:8085"}}
[debug] [2020-10-31T12:08:37.594Z] [runtime-status] [5863] Outgoing network have been stubbed. [{"name":"http","status":"mocked"},{"name":"http","status":"mocked"},{"name":"https","status":"mocked"},{"name":"https","status":"mocked"},{"name":"net","status":"mocked"}] {"metadata":{"emulator":{"name":"functions"},"message":"[runtime-status] [5863] Outgoing network have been stubbed. [{\"name\":\"http\",\"status\":\"mocked\"},{\"name\":\"http\",\"status\":\"mocked\"},{\"name\":\"https\",\"status\":\"mocked\"},{\"name\":\"https\",\"status\":\"mocked\"},{\"name\":\"net\",\"status\":\"mocked\"}]"}}
[debug] [2020-10-31T12:08:37.594Z] [runtime-status] [5863] Resolved module firebase-functions {"declared":true,"installed":true,"version":"3.11.0","resolution":"/home/viczking/poultryfarm/poultryfarm/functions/node_modules/firebase-functions/lib/index.js"} {"metadata":{"emulator":{"name":"functions"},"message":"[runtime-status] [5863] Resolved module firebase-functions {\"declared\":true,\"installed\":true,\"version\":\"3.11.0\",\"resolution\":\"/home/viczking/poultryfarm/poultryfarm/functions/node_modules/firebase-functions/lib/index.js\"}"}}
[debug] [2020-10-31T12:08:37.631Z] [runtime-status] [5863] Checked functions.config() {"config":{}} {"metadata":{"emulator":{"name":"functions"},"message":"[runtime-status] [5863] Checked functions.config() {\"config\":{}}"}}
[debug] [2020-10-31T12:08:37.631Z] [runtime-status] [5863] firebase-functions has been stubbed. {"functionsResolution":{"declared":true,"installed":true,"version":"3.11.0","resolution":"/home/viczking/poultryfarm/poultryfarm/functions/node_modules/firebase-functions/lib/index.js"}} {"metadata":{"emulator":{"name":"functions"},"message":"[runtime-status] [5863] firebase-functions has been stubbed. {\"functionsResolution\":{\"declared\":true,\"installed\":true,\"version\":\"3.11.0\",\"resolution\":\"/home/viczking/poultryfarm/poultryfarm/functions/node_modules/firebase-functions/lib/index.js\"}}"}}
[debug] [2020-10-31T12:08:37.632Z] [runtime-status] [5863] Resolved module firebase-functions {"declared":true,"installed":true,"version":"3.11.0","resolution":"/home/viczking/poultryfarm/poultryfarm/functions/node_modules/firebase-functions/lib/index.js"} {"metadata":{"emulator":{"name":"functions"},"message":"[runtime-status] [5863] Resolved module firebase-functions {\"declared\":true,\"installed\":true,\"version\":\"3.11.0\",\"resolution\":\"/home/viczking/poultryfarm/poultryfarm/functions/node_modules/firebase-functions/lib/index.js\"}"}}
[debug] [2020-10-31T12:08:37.638Z] [runtime-status] [5863] Resolved module firebase-admin {"declared":true,"installed":true,"version":"9.3.0","resolution":"/home/viczking/poultryfarm/poultryfarm/functions/node_modules/firebase-admin/lib/index.js"} {"metadata":{"emulator":{"name":"functions"},"message":"[runtime-status] [5863] Resolved module firebase-admin {\"declared\":true,\"installed\":true,\"version\":\"9.3.0\",\"resolution\":\"/home/viczking/poultryfarm/poultryfarm/functions/node_modules/firebase-admin/lib/index.js\"}"}}
[debug] [2020-10-31T12:08:37.638Z] [runtime-status] [5863] Resolved module firebase-functions {"declared":true,"installed":true,"version":"3.11.0","resolution":"/home/viczking/poultryfarm/poultryfarm/functions/node_modules/firebase-functions/lib/index.js"} {"metadata":{"emulator":{"name":"functions"},"message":"[runtime-status] [5863] Resolved module firebase-functions {\"declared\":true,\"installed\":true,\"version\":\"3.11.0\",\"resolution\":\"/home/viczking/poultryfarm/poultryfarm/functions/node_modules/firebase-functions/lib/index.js\"}"}}
[debug] [2020-10-31T12:08:37.638Z] [runtime-status] [5863] firebase-admin has been stubbed. {"adminResolution":{"declared":true,"installed":true,"version":"9.3.0","resolution":"/home/viczking/poultryfarm/poultryfarm/functions/node_modules/firebase-admin/lib/index.js"}} {"metadata":{"emulator":{"name":"functions"},"message":"[runtime-status] [5863] firebase-admin has been stubbed. {\"adminResolution\":{\"declared\":true,\"installed\":true,\"version\":\"9.3.0\",\"resolution\":\"/home/viczking/poultryfarm/poultryfarm/functions/node_modules/firebase-admin/lib/index.js\"}}"}}
[debug] [2020-10-31T12:08:37.640Z] [runtime-status] [5863] initializeApp(DEFAULT) {"databaseURL":"https://poultry101-6b1ed.firebaseio.com","storageBucket":"poultry101-6b1ed.appspot.com","projectId":"poultry101-6b1ed"} {"metadata":{"emulator":{"name":"functions"},"message":"[runtime-status] [5863] initializeApp(DEFAULT) {\"databaseURL\":\"https://poultry101-6b1ed.firebaseio.com\",\"storageBucket\":\"poultry101-6b1ed.appspot.com\",\"projectId\":\"poultry101-6b1ed\"}"}}
[debug] [2020-10-31T12:08:37.669Z] [runtime-status] [5863] auth.setJwtVerificationEnabled(false) {"metadata":{"emulator":{"name":"functions"},"message":"[runtime-status] [5863] auth.setJwtVerificationEnabled(false)"}}
[warn] ⚠  /home/viczking/poultryfarm/poultryfarm/functions/node_modules/@google-cloud/firestore/build/src/collection-group.js:54
    async *getPartitions(desiredPartitionCount) {
          ^

SyntaxError: Unexpected token *
    at createScript (vm.js:80:10)
    at Object.runInThisContext (vm.js:139:10)
    at Module._compile (module.js:617:28)
    at Object.Module._extensions..js (module.js:664:10)
    at Module.load (module.js:566:32)
    at tryModuleLoad (module.js:506:12)
    at Function.Module._load (module.js:498:3)
    at Module.require (module.js:597:17)
    at require (internal/module.js:11:18)
    at Object.<anonymous> (/home/viczking/poultryfarm/poultryfarm/functions/node_modules/@google-cloud/firestore/build/src/index.js:39:28) {"metadata":{"emulator":{"name":"functions"},"message":"/home/viczking/poultryfarm/poultryfarm/functions/node_modules/@google-cloud/firestore/build/src/collection-group.js:54\n    async *getPartitions(desiredPartitionCount) {\n          ^\n\nSyntaxError: Unexpected token *\n    at createScript (vm.js:80:10)\n    at Object.runInThisContext (vm.js:139:10)\n    at Module._compile (module.js:617:28)\n    at Object.Module._extensions..js (module.js:664:10)\n    at Module.load (module.js:566:32)\n    at tryModuleLoad (module.js:506:12)\n    at Function.Module._load (module.js:498:3)\n    at Module.require (module.js:597:17)\n    at require (internal/module.js:11:18)\n    at Object.<anonymous> (/home/viczking/poultryfarm/poultryfarm/functions/node_modules/@google-cloud/firestore/build/src/index.js:39:28)"}}
[warn] ⚠  We were unable to load your functions code. (see above) {"metadata":{"emulator":{"name":"functions"}}}
[debug] [2020-10-31T12:08:37.926Z] [worker-~diagnostic~-157db785-a74d-428c-9a94-a368530e16df]: exited {"metadata":{"emulator":{"name":"functions"},"message":"[worker-~diagnostic~-157db785-a74d-428c-9a94-a368530e16df]: exited"}}
[debug] [2020-10-31T12:08:37.928Z] [worker-~diagnostic~-157db785-a74d-428c-9a94-a368530e16df]: FINISHED {"metadata":{"emulator":{"name":"functions"},"message":"[worker-~diagnostic~-157db785-a74d-428c-9a94-a368530e16df]: FINISHED"}}
[debug] [2020-10-31T12:09:44.655Z] Oct 31, 2020 12:09:44 PM io.gapi.emulators.netty.HttpVersionRoutingHandler channelRead
INFO: Detected non-HTTP/2 connection.
 {"metadata":{"emulator":{"name":"firestore"},"message":"Oct 31, 2020 12:09:44 PM io.gapi.emulators.netty.HttpVersionRoutingHandler channelRead\nINFO: Detected non-HTTP/2 connection.\n"}}
[debug] [2020-10-31T12:09:44.675Z] Oct 31, 2020 12:09:44 PM io.gapi.emulators.netty.HttpVersionRoutingHandler channelRead
INFO: Detected non-HTTP/2 connection.
 {"metadata":{"emulator":{"name":"firestore"},"message":"Oct 31, 2020 12:09:44 PM io.gapi.emulators.netty.HttpVersionRoutingHandler channelRead\nINFO: Detected non-HTTP/2 connection.\n"}}
[debug] [2020-10-31T12:09:44.881Z] Oct 31, 2020 12:09:44 PM io.gapi.emulators.netty.HttpVersionRoutingHandler channelRead
INFO: Detected HTTP/2 connection.
 {"metadata":{"emulator":{"name":"firestore"},"message":"Oct 31, 2020 12:09:44 PM io.gapi.emulators.netty.HttpVersionRoutingHandler channelRead\nINFO: Detected HTTP/2 connection.\n"}}
[debug] [2020-10-31T12:09:45.482Z] Oct 31, 2020 12:09:45 PM io.gapi.emulators.netty.HttpVersionRoutingHandler channelRead
INFO: Detected non-HTTP/2 connection.
 {"metadata":{"emulator":{"name":"firestore"},"message":"Oct 31, 2020 12:09:45 PM io.gapi.emulators.netty.HttpVersionRoutingHandler channelRead\nINFO: Detected non-HTTP/2 connection.\n"}}
[debug] [2020-10-31T12:09:45.684Z] Oct 31, 2020 12:09:45 PM com.google.cloud.datastore.emulator.impl.util.WrappedStreamObserver onError
INFO: operation failed: No matching allow statements
 {"metadata":{"emulator":{"name":"firestore"},"message":"Oct 31, 2020 12:09:45 PM com.google.cloud.datastore.emulator.impl.util.WrappedStreamObserver onError\nINFO: operation failed: No matching allow statements\n"}}
[debug] [2020-10-31T12:09:45.690Z] Oct 31, 2020 12:09:45 PM io.gapi.emulators.netty.HttpVersionRoutingHandler channelRead
INFO: Detected non-HTTP/2 connection.
 {"metadata":{"emulator":{"name":"firestore"},"message":"Oct 31, 2020 12:09:45 PM io.gapi.emulators.netty.HttpVersionRoutingHandler channelRead\nINFO: Detected non-HTTP/2 connection.\n"}}
[debug] [2020-10-31T12:09:45.870Z] Oct 31, 2020 12:09:45 PM io.gapi.emulators.netty.HttpVersionRoutingHandler channelRead
INFO: Detected non-HTTP/2 connection.
 {"metadata":{"emulator":{"name":"firestore"},"message":"Oct 31, 2020 12:09:45 PM io.gapi.emulators.netty.HttpVersionRoutingHandler channelRead\nINFO: Detected non-HTTP/2 connection.\n"}}
[debug] [2020-10-31T12:11:37.434Z] Oct 31, 2020 12:11:37 PM io.gapi.emulators.netty.HttpVersionRoutingHandler channelRead
INFO: Detected non-HTTP/2 connection.
 {"metadata":{"emulator":{"name":"firestore"},"message":"Oct 31, 2020 12:11:37 PM io.gapi.emulators.netty.HttpVersionRoutingHandler channelRead\nINFO: Detected non-HTTP/2 connection.\n"}}
[debug] [2020-10-31T12:11:37.451Z] Oct 31, 2020 12:11:37 PM io.gapi.emulators.netty.HttpVersionRoutingHandler channelRead
INFO: Detected non-HTTP/2 connection.
 {"metadata":{"emulator":{"name":"firestore"},"message":"Oct 31, 2020 12:11:37 PM io.gapi.emulators.netty.HttpVersionRoutingHandler channelRead\nINFO: Detected non-HTTP/2 connection.\n"}}
[debug] [2020-10-31T12:11:37.587Z] Oct 31, 2020 12:11:37 PM io.gapi.emulators.netty.HttpVersionRoutingHandler channelRead
INFO: Detected HTTP/2 connection.
 {"metadata":{"emulator":{"name":"firestore"},"message":"Oct 31, 2020 12:11:37 PM io.gapi.emulators.netty.HttpVersionRoutingHandler channelRead\nINFO: Detected HTTP/2 connection.\n"}}
[debug] [2020-10-31T12:11:37.615Z] Oct 31, 2020 12:11:37 PM io.gapi.emulators.netty.HttpVersionRoutingHandler channelRead
INFO: Detected non-HTTP/2 connection.
 {"metadata":{"emulator":{"name":"firestore"},"message":"Oct 31, 2020 12:11:37 PM io.gapi.emulators.netty.HttpVersionRoutingHandler channelRead\nINFO: Detected non-HTTP/2 connection.\n"}}
